# JRE version: Java(TM) SE Runtime Environment (21.0.7+8) (build 21.0.7+8-LTS-245)
# Java VM: Java HotSpot(TM) 64-Bit Server VM (21.0.7+8-LTS-245, mixed mode, sharing, tiered, compressed oops, compressed class ptrs, g1 gc, windows-amd64)
GC Precious Log:
 CardTable entry size: 512
 Card Set container configuration: InlinePtr #cards 5 size 8 Array Of Cards #cards 12 size 40 Howl #buckets 4 coarsen threshold 1843 Howl Bitmap #cards 512 size 80 coarsen threshold 460 Card regions per heap region 1 cards per card region 2048
 CPUs: 8 total, 8 available
 Memory: 7985M
 Large Page Support: Disabled
 NUMA Support: Disabled
 Compressed Oops: Enabled (32-bit)
 Heap Region Size: 1M
 Heap Min Capacity: 8M
 Heap Initial Capacity: 126M
 Heap Max Capacity: 1998M
 Pre-touch: Disabled
 Parallel Workers: 8
 Concurrent Workers: 2
 Concurrent Refinement Workers: 8
 Periodic GC: Disabled
Heap:
 garbage-first heap   total 95232K, used 52267K [0x0000000083200000, 0x0000000100000000)
  region size 1024K, 10 young (10240K), 5 survivors (5120K)
 Metaspace       used 76645K, committed 77568K, reserved 1179648K
  class space    used 10253K, committed 10688K, reserved 1048576K
GC Heap History (20 events):
Event: 23.208 GC heap before
{Heap before GC invocations=15 (full 0):
 garbage-first heap   total 71680K, used 63398K [0x0000000083200000, 0x0000000100000000)
  region size 1024K, 30 young (30720K), 2 survivors (2048K)
 Metaspace       used 62540K, committed 63296K, reserved 1114112K
  class space    used 8151K, committed 8512K, reserved 1048576K
}
Event: 23.218 GC heap after
{Heap after GC invocations=16 (full 0):
 garbage-first heap   total 71680K, used 37705K [0x0000000083200000, 0x0000000100000000)
  region size 1024K, 4 young (4096K), 4 survivors (4096K)
 Metaspace       used 62540K, committed 63296K, reserved 1114112K
  class space    used 8151K, committed 8512K, reserved 1048576K
}
Event: 23.897 GC heap before
{Heap before GC invocations=16 (full 0):
 garbage-first heap   total 71680K, used 63305K [0x0000000083200000, 0x0000000100000000)
  region size 1024K, 29 young (29696K), 4 survivors (4096K)
 Metaspace       used 63462K, committed 64192K, reserved 1114112K
  class space    used 8304K, committed 8640K, reserved 1048576K
}
Event: 23.909 GC heap after
{Heap after GC invocations=17 (full 0):
 garbage-first heap   total 71680K, used 38359K [0x0000000083200000, 0x0000000100000000)
  region size 1024K, 2 young (2048K), 2 survivors (2048K)
 Metaspace       used 63462K, committed 64192K, reserved 1114112K
  class space    used 8304K, committed 8640K, reserved 1048576K
}
Event: 25.751 GC heap before
{Heap before GC invocations=17 (full 0):
 garbage-first heap   total 71680K, used 62935K [0x0000000083200000, 0x0000000100000000)
  region size 1024K, 27 young (27648K), 2 survivors (2048K)
 Metaspace       used 67804K, committed 68544K, reserved 1114112K
  class space    used 9102K, committed 9408K, reserved 1048576K
}
Event: 25.761 GC heap after
{Heap after GC invocations=18 (full 0):
 garbage-first heap   total 71680K, used 40503K [0x0000000083200000, 0x0000000100000000)
  region size 1024K, 4 young (4096K), 4 survivors (4096K)
 Metaspace       used 67804K, committed 68544K, reserved 1114112K
  class space    used 9102K, committed 9408K, reserved 1048576K
}
Event: 26.513 GC heap before
{Heap before GC invocations=19 (full 0):
 garbage-first heap   total 78848K, used 62007K [0x0000000083200000, 0x0000000100000000)
  region size 1024K, 25 young (25600K), 4 survivors (4096K)
 Metaspace       used 69417K, committed 70080K, reserved 1114112K
  class space    used 9315K, committed 9600K, reserved 1048576K
}
Event: 26.522 GC heap after
{Heap after GC invocations=20 (full 0):
 garbage-first heap   total 78848K, used 41754K [0x0000000083200000, 0x0000000100000000)
  region size 1024K, 2 young (2048K), 2 survivors (2048K)
 Metaspace       used 69417K, committed 70080K, reserved 1114112K
  class space    used 9315K, committed 9600K, reserved 1048576K
}
Event: 26.993 GC heap before
{Heap before GC invocations=20 (full 0):
 garbage-first heap   total 78848K, used 70426K [0x0000000083200000, 0x0000000100000000)
  region size 1024K, 30 young (30720K), 2 survivors (2048K)
 Metaspace       used 69738K, committed 70400K, reserved 1114112K
  class space    used 9361K, committed 9664K, reserved 1048576K
}
Event: 27.003 GC heap after
{Heap after GC invocations=21 (full 0):
 garbage-first heap   total 78848K, used 42022K [0x0000000083200000, 0x0000000100000000)
  region size 1024K, 3 young (3072K), 3 survivors (3072K)
 Metaspace       used 69738K, committed 70400K, reserved 1114112K
  class space    used 9361K, committed 9664K, reserved 1048576K
}
Event: 27.353 GC heap before
{Heap before GC invocations=21 (full 0):
 garbage-first heap   total 78848K, used 69670K [0x0000000083200000, 0x0000000100000000)
  region size 1024K, 30 young (30720K), 3 survivors (3072K)
 Metaspace       used 69869K, committed 70592K, reserved 1114112K
  class space    used 9386K, committed 9728K, reserved 1048576K
}
Event: 27.358 GC heap after
{Heap after GC invocations=22 (full 0):
 garbage-first heap   total 78848K, used 42515K [0x0000000083200000, 0x0000000100000000)
  region size 1024K, 3 young (3072K), 3 survivors (3072K)
 Metaspace       used 69869K, committed 70592K, reserved 1114112K
  class space    used 9386K, committed 9728K, reserved 1048576K
}
Event: 28.136 GC heap before
{Heap before GC invocations=23 (full 0):
 garbage-first heap   total 78848K, used 70163K [0x0000000083200000, 0x0000000100000000)
  region size 1024K, 30 young (30720K), 3 survivors (3072K)
 Metaspace       used 70671K, committed 71360K, reserved 1114112K
  class space    used 9484K, committed 9792K, reserved 1048576K
}
Event: 28.148 GC heap after
{Heap after GC invocations=24 (full 0):
 garbage-first heap   total 78848K, used 43807K [0x0000000083200000, 0x0000000100000000)
  region size 1024K, 3 young (3072K), 3 survivors (3072K)
 Metaspace       used 70671K, committed 71360K, reserved 1114112K
  class space    used 9484K, committed 9792K, reserved 1048576K
}
Event: 29.236 GC heap before
{Heap before GC invocations=24 (full 0):
 garbage-first heap   total 78848K, used 69407K [0x0000000083200000, 0x0000000100000000)
  region size 1024K, 28 young (28672K), 3 survivors (3072K)
 Metaspace       used 72936K, committed 73728K, reserved 1114112K
  class space    used 9801K, committed 10176K, reserved 1048576K
}
Event: 29.247 GC heap after
{Heap after GC invocations=25 (full 0):
 garbage-first heap   total 95232K, used 44507K [0x0000000083200000, 0x0000000100000000)
  region size 1024K, 3 young (3072K), 3 survivors (3072K)
 Metaspace       used 72936K, committed 73728K, reserved 1114112K
  class space    used 9801K, committed 10176K, reserved 1048576K
}
Event: 29.770 GC heap before
{Heap before GC invocations=25 (full 0):
 garbage-first heap   total 95232K, used 85467K [0x0000000083200000, 0x0000000100000000)
  region size 1024K, 43 young (44032K), 3 survivors (3072K)
 Metaspace       used 73589K, committed 74368K, reserved 1114112K
  class space    used 9857K, committed 10240K, reserved 1048576K
}
Event: 29.777 GC heap after
{Heap after GC invocations=26 (full 0):
 garbage-first heap   total 95232K, used 45735K [0x0000000083200000, 0x0000000100000000)
  region size 1024K, 5 young (5120K), 5 survivors (5120K)
 Metaspace       used 73589K, committed 74368K, reserved 1114112K
  class space    used 9857K, committed 10240K, reserved 1048576K
}
Event: 31.526 GC heap before
{Heap before GC invocations=26 (full 0):
 garbage-first heap   total 95232K, used 82599K [0x0000000083200000, 0x0000000100000000)
  region size 1024K, 41 young (41984K), 5 survivors (5120K)
 Metaspace       used 75950K, committed 76864K, reserved 1179648K
  class space    used 10149K, committed 10560K, reserved 1048576K
}
Event: 31.546 GC heap after
{Heap after GC invocations=27 (full 0):
 garbage-first heap   total 95232K, used 48171K [0x0000000083200000, 0x0000000100000000)
  region size 1024K, 5 young (5120K), 5 survivors (5120K)
 Metaspace       used 75950K, committed 76864K, reserved 1179648K
  class space    used 10149K, committed 10560K, reserved 1048576K
}

