# JRE version: Java(TM) SE Runtime Environment (21.0.7+8) (build 21.0.7+8-LTS-245)
# Java VM: Java HotSpot(TM) 64-Bit Server VM (21.0.7+8-LTS-245, mixed mode, sharing, tiered, compressed oops, compressed class ptrs, g1 gc, windows-amd64)
GC Precious Log:
 CardTable entry size: 512
 Card Set container configuration: InlinePtr #cards 5 size 8 Array Of Cards #cards 12 size 40 Howl #buckets 4 coarsen threshold 1843 Howl Bitmap #cards 512 size 80 coarsen threshold 460 Card regions per heap region 1 cards per card region 2048
 CPUs: 8 total, 8 available
 Memory: 7985M
 Large Page Support: Disabled
 NUMA Support: Disabled
 Compressed Oops: Enabled (32-bit)
 Heap Region Size: 1M
 Heap Min Capacity: 8M
 Heap Initial Capacity: 126M
 Heap Max Capacity: 1998M
 Pre-touch: Disabled
 Parallel Workers: 8
 Concurrent Workers: 2
 Concurrent Refinement Workers: 8
 Periodic GC: Disabled
Heap:
 garbage-first heap   total 137216K, used 100407K [0x0000000083200000, 0x0000000100000000)
  region size 1024K, 51 young (52224K), 1 survivors (1024K)
 Metaspace       used 86859K, committed 87872K, reserved 1179648K
  class space    used 11404K, committed 11904K, reserved 1048576K
GC Heap History (20 events):
Event: 104.417 GC heap before
{Heap before GC invocations=29 (full 0):
 garbage-first heap   total 100352K, used 87242K [0x0000000083200000, 0x0000000100000000)
  region size 1024K, 44 young (45056K), 6 survivors (6144K)
 Metaspace       used 77990K, committed 78848K, reserved 1179648K
  class space    used 10427K, committed 10816K, reserved 1048576K
}
Event: 104.783 GC heap after
{Heap after GC invocations=30 (full 0):
 garbage-first heap   total 100352K, used 49707K [0x0000000083200000, 0x0000000100000000)
  region size 1024K, 2 young (2048K), 2 survivors (2048K)
 Metaspace       used 77990K, committed 78848K, reserved 1179648K
  class space    used 10427K, committed 10816K, reserved 1048576K
}
Event: 116.884 GC heap before
{Heap before GC invocations=31 (full 0):
 garbage-first heap   total 100352K, used 89643K [0x0000000083200000, 0x0000000100000000)
  region size 1024K, 42 young (43008K), 2 survivors (2048K)
 Metaspace       used 83603K, committed 84672K, reserved 1179648K
  class space    used 11167K, committed 11648K, reserved 1048576K
}
Event: 116.890 GC heap after
{Heap after GC invocations=32 (full 0):
 garbage-first heap   total 100352K, used 53539K [0x0000000083200000, 0x0000000100000000)
  region size 1024K, 6 young (6144K), 6 survivors (6144K)
 Metaspace       used 83603K, committed 84672K, reserved 1179648K
  class space    used 11167K, committed 11648K, reserved 1048576K
}
Event: 117.095 GC heap before
{Heap before GC invocations=32 (full 0):
 garbage-first heap   total 100352K, used 85283K [0x0000000083200000, 0x0000000100000000)
  region size 1024K, 38 young (38912K), 6 survivors (6144K)
 Metaspace       used 84369K, committed 85440K, reserved 1179648K
  class space    used 11267K, committed 11776K, reserved 1048576K
}
Event: 117.102 GC heap after
{Heap after GC invocations=33 (full 0):
 garbage-first heap   total 100352K, used 54133K [0x0000000083200000, 0x0000000100000000)
  region size 1024K, 3 young (3072K), 3 survivors (3072K)
 Metaspace       used 84369K, committed 85440K, reserved 1179648K
  class space    used 11267K, committed 11776K, reserved 1048576K
}
Event: 117.326 GC heap before
{Heap before GC invocations=33 (full 0):
 garbage-first heap   total 100352K, used 89973K [0x0000000083200000, 0x0000000100000000)
  region size 1024K, 39 young (39936K), 3 survivors (3072K)
 Metaspace       used 84583K, committed 85632K, reserved 1179648K
  class space    used 11267K, committed 11776K, reserved 1048576K
}
Event: 117.330 GC heap after
{Heap after GC invocations=34 (full 0):
 garbage-first heap   total 100352K, used 54733K [0x0000000083200000, 0x0000000100000000)
  region size 1024K, 3 young (3072K), 3 survivors (3072K)
 Metaspace       used 84583K, committed 85632K, reserved 1179648K
  class space    used 11267K, committed 11776K, reserved 1048576K
}
Event: 181.028 GC heap before
{Heap before GC invocations=35 (full 0):
 garbage-first heap   total 117760K, used 88525K [0x0000000083200000, 0x0000000100000000)
  region size 1024K, 37 young (37888K), 3 survivors (3072K)
 Metaspace       used 84791K, committed 85888K, reserved 1179648K
  class space    used 11266K, committed 11840K, reserved 1048576K
}
Event: 181.035 GC heap after
{Heap after GC invocations=36 (full 0):
 garbage-first heap   total 117760K, used 52407K [0x0000000083200000, 0x0000000100000000)
  region size 1024K, 1 young (1024K), 1 survivors (1024K)
 Metaspace       used 84791K, committed 85888K, reserved 1179648K
  class space    used 11266K, committed 11840K, reserved 1048576K
}
Event: 359.432 GC heap before
{Heap before GC invocations=36 (full 0):
 garbage-first heap   total 117760K, used 107703K [0x0000000083200000, 0x0000000100000000)
  region size 1024K, 56 young (57344K), 1 survivors (1024K)
 Metaspace       used 84966K, committed 86016K, reserved 1179648K
  class space    used 11268K, committed 11840K, reserved 1048576K
}
Event: 359.483 GC heap after
{Heap after GC invocations=37 (full 0):
 garbage-first heap   total 117760K, used 55590K [0x0000000083200000, 0x0000000100000000)
  region size 1024K, 4 young (4096K), 4 survivors (4096K)
 Metaspace       used 84966K, committed 86016K, reserved 1179648K
  class space    used 11268K, committed 11840K, reserved 1048576K
}
Event: 359.865 GC heap before
{Heap before GC invocations=37 (full 0):
 garbage-first heap   total 117760K, used 104742K [0x0000000083200000, 0x0000000100000000)
  region size 1024K, 53 young (54272K), 4 survivors (4096K)
 Metaspace       used 85089K, committed 86208K, reserved 1179648K
  class space    used 11269K, committed 11840K, reserved 1048576K
}
Event: 359.900 GC heap after
{Heap after GC invocations=38 (full 0):
 garbage-first heap   total 117760K, used 54031K [0x0000000083200000, 0x0000000100000000)
  region size 1024K, 3 young (3072K), 3 survivors (3072K)
 Metaspace       used 85089K, committed 86208K, reserved 1179648K
  class space    used 11269K, committed 11840K, reserved 1048576K
}
Event: 366.992 GC heap before
{Heap before GC invocations=38 (full 0):
 garbage-first heap   total 117760K, used 105231K [0x0000000083200000, 0x0000000100000000)
  region size 1024K, 54 young (55296K), 3 survivors (3072K)
 Metaspace       used 85349K, committed 86464K, reserved 1179648K
  class space    used 11272K, committed 11840K, reserved 1048576K
}
Event: 367.014 GC heap after
{Heap after GC invocations=39 (full 0):
 garbage-first heap   total 117760K, used 53494K [0x0000000083200000, 0x0000000100000000)
  region size 1024K, 2 young (2048K), 2 survivors (2048K)
 Metaspace       used 85349K, committed 86464K, reserved 1179648K
  class space    used 11272K, committed 11840K, reserved 1048576K
}
Event: 369.296 GC heap before
{Heap before GC invocations=40 (full 0):
 garbage-first heap   total 137216K, used 105718K [0x0000000083200000, 0x0000000100000000)
  region size 1024K, 54 young (55296K), 2 survivors (2048K)
 Metaspace       used 85849K, committed 86912K, reserved 1179648K
  class space    used 11287K, committed 11840K, reserved 1048576K
}
Event: 369.301 GC heap after
{Heap after GC invocations=41 (full 0):
 garbage-first heap   total 137216K, used 53900K [0x0000000083200000, 0x0000000100000000)
  region size 1024K, 3 young (3072K), 3 survivors (3072K)
 Metaspace       used 85849K, committed 86912K, reserved 1179648K
  class space    used 11287K, committed 11840K, reserved 1048576K
}
Event: 484.631 GC heap before
{Heap before GC invocations=41 (full 0):
 garbage-first heap   total 137216K, used 123532K [0x0000000083200000, 0x0000000100000000)
  region size 1024K, 72 young (73728K), 3 survivors (3072K)
 Metaspace       used 86065K, committed 87168K, reserved 1179648K
  class space    used 11287K, committed 11840K, reserved 1048576K
}
Event: 484.981 GC heap after
{Heap after GC invocations=42 (full 0):
 garbage-first heap   total 137216K, used 51255K [0x0000000083200000, 0x0000000100000000)
  region size 1024K, 1 young (1024K), 1 survivors (1024K)
 Metaspace       used 86065K, committed 87168K, reserved 1179648K
  class space    used 11287K, committed 11840K, reserved 1048576K
}

